<?xml version="1.0" encoding="UTF-8"?>
<!-- Generated by org.testng.reporters.JUnitXMLReporter -->
<testsuite ignored="0" hostname="Raj" failures="0" tests="3" name="Test1" time="14.861" errors="0" timestamp="2026-01-23T16:53:36 IST">
  <testcase classname="org.automation.TestNGPractice.Amazon" name="launchAmazon" time="4.387"/>
  <testcase classname="org.automation.TestNGPractice.Flipkart" name="launchFlipkart" time="9.38"/>
  <testcase classname="org.automation.TestNGPractice.Myntra" name="launchMyntra" time="14.838"/>
</testsuite> <!-- Test1 -->
