<?xml version="1.0" encoding="UTF-8"?>
<!-- Generated by org.testng.reporters.JUnitReportReporter -->
<testsuite hostname="Raj" failures="0" tests="1" name="org.automation.TestNGPractice.Deepseek" time="22.779" errors="0" timestamp="2026-01-23T17:46:10 IST" skipped="0">
  <testcase classname="org.automation.TestNGPractice.Deepseek" name="launchDeepseek" time="22.779">
    <system-out>
      <![CDATA[DeepSeek Launched]]>
    </system-out>
  </testcase> <!-- launchDeepseek -->
  <system-out>
    <![CDATA[Myntra Launched
Amazon Launched
Copilot Launched
Flipkart Launched
DeepSeek Launched
ChatGPT Launched]]>
  </system-out>
</testsuite> <!-- org.automation.TestNGPractice.Deepseek -->
