<?xml version="1.0" encoding="UTF-8"?>
<!-- Generated by org.testng.reporters.JUnitReportReporter -->
<testsuite hostname="Raj" failures="0" tests="3" name="org.TestNG.VinothQa.RegistrationForm" time="2.963" errors="0" timestamp="2026-01-28T18:24:31 IST" skipped="0">
  <testcase classname="org.TestNG.VinothQa.RegistrationForm" name="textFields" time="1.685"/>
  <testcase classname="org.TestNG.VinothQa.RegistrationForm" name="radioAndChecks" time="0.632"/>
  <testcase classname="org.TestNG.VinothQa.RegistrationForm" name="dateAndDropDown" time="0.646"/>
</testsuite> <!-- org.TestNG.VinothQa.RegistrationForm -->
