<?xml version="1.0" encoding="UTF-8"?>
<!-- Generated by org.testng.reporters.JUnitReportReporter -->
<testsuite hostname="Raj" failures="0" tests="1" name="org.automation.TestNGPractice.TestNGReporter" time="0.021" errors="0" timestamp="2026-01-21T17:50:49 IST" skipped="0">
  <testcase classname="org.automation.TestNGPractice.TestNGReporter" name="printingReport" time="0.021">
    <system-out>
      <![CDATA[Ist TestNG Program, Reporter.log]]>
    </system-out>
  </testcase> <!-- printingReport -->
  <system-out>
    <![CDATA[Ist TestNG Program, Reporter.log]]>
  </system-out>
</testsuite> <!-- org.automation.TestNGPractice.TestNGReporter -->
