<?xml version="1.0" encoding="UTF-8"?>
<!-- Generated by org.testng.reporters.JUnitReportReporter -->
<testsuite hostname="Raj" failures="0" tests="4" name="org.automation.TestNGPractice.PriorityProgram" time="0.030" errors="0" timestamp="2026-01-23T16:25:02 IST" skipped="0">
  <testcase classname="org.automation.TestNGPractice.PriorityProgram" name="cat" time="0.004">
    <system-out>
      <![CDATA[Cat Method]]>
    </system-out>
  </testcase> <!-- cat -->
  <testcase classname="org.automation.TestNGPractice.PriorityProgram" name="ball" time="0.021">
    <system-out>
      <![CDATA[Ball method]]>
    </system-out>
  </testcase> <!-- ball -->
  <testcase classname="org.automation.TestNGPractice.PriorityProgram" name="apple" time="0.002">
    <system-out>
      <![CDATA[Apple Method]]>
    </system-out>
  </testcase> <!-- apple -->
  <testcase classname="org.automation.TestNGPractice.PriorityProgram" name="apple" time="0.003">
    <system-out>
      <![CDATA[Apple Method]]>
    </system-out>
  </testcase> <!-- apple -->
  <system-out>
    <![CDATA[Ball method
Apple Method
Apple Method
Cat Method]]>
  </system-out>
</testsuite> <!-- org.automation.TestNGPractice.PriorityProgram -->
