<?xml version="1.0" encoding="UTF-8"?>
<!-- Generated by org.testng.reporters.JUnitReportReporter -->
<testsuite hostname="Raj" failures="0" tests="1" name="org.automation.TestNGPractice.Myntra" time="7.845" errors="0" timestamp="2026-01-23T17:46:10 IST" skipped="0">
  <testcase classname="org.automation.TestNGPractice.Myntra" name="launchMyntra" time="7.845">
    <system-out>
      <![CDATA[Myntra Launched]]>
    </system-out>
  </testcase> <!-- launchMyntra -->
  <system-out>
    <![CDATA[Myntra Launched
Amazon Launched
Copilot Launched
Flipkart Launched
DeepSeek Launched
ChatGPT Launched]]>
  </system-out>
</testsuite> <!-- org.automation.TestNGPractice.Myntra -->
