<?xml version="1.0" encoding="UTF-8"?>
<!-- Generated by org.testng.reporters.JUnitReportReporter -->
<testsuite hostname="Raj" failures="0" tests="3" name="org.automation.TestNGPractice.BatchExecution" time="20.957" errors="0" timestamp="2026-01-23T16:39:56 IST" skipped="0">
  <testcase classname="org.automation.TestNGPractice.BatchExecution" name="launchFlipkart" time="5.229">
    <system-out>
      <![CDATA[Amazon Launched]]>
    </system-out>
  </testcase> <!-- launchFlipkart -->
  <testcase classname="org.automation.TestNGPractice.BatchExecution" name="launchAmazon" time="6.314">
    <system-out>
      <![CDATA[Amazon Launched]]>
    </system-out>
  </testcase> <!-- launchAmazon -->
  <testcase classname="org.automation.TestNGPractice.BatchExecution" name="launchMyntra" time="9.414">
    <system-out>
      <![CDATA[Amazon Launched]]>
    </system-out>
  </testcase> <!-- launchMyntra -->
  <system-out>
    <![CDATA[Amazon Launched
Amazon Launched
Amazon Launched]]>
  </system-out>
</testsuite> <!-- org.automation.TestNGPractice.BatchExecution -->
