<?xml version="1.0" encoding="UTF-8"?>
<!-- Generated by org.testng.reporters.JUnitReportReporter -->
<testsuite hostname="Raj" failures="0" tests="1" name="org.automation.TestNGPractice.Flipkart" time="5.532" errors="0" timestamp="2026-01-23T17:46:10 IST" skipped="0">
  <testcase classname="org.automation.TestNGPractice.Flipkart" name="launchFlipkart" time="5.532">
    <system-out>
      <![CDATA[Flipkart Launched]]>
    </system-out>
  </testcase> <!-- launchFlipkart -->
  <system-out>
    <![CDATA[Myntra Launched
Amazon Launched
Copilot Launched
Flipkart Launched
DeepSeek Launched
ChatGPT Launched]]>
  </system-out>
</testsuite> <!-- org.automation.TestNGPractice.Flipkart -->
