<?xml version="1.0" encoding="UTF-8"?>
<!-- Generated by org.testng.reporters.JUnitReportReporter -->
<testsuite hostname="Raj" failures="0" tests="1" name="org.automation.TestNGPractice.Amazon" time="2.886" errors="0" timestamp="2026-01-23T17:46:10 IST" skipped="0">
  <testcase classname="org.automation.TestNGPractice.Amazon" name="launchAmazon" time="2.886">
    <system-out>
      <![CDATA[Amazon Launched]]>
    </system-out>
  </testcase> <!-- launchAmazon -->
  <system-out>
    <![CDATA[Myntra Launched
Amazon Launched
Copilot Launched
Flipkart Launched
DeepSeek Launched
ChatGPT Launched]]>
  </system-out>
</testsuite> <!-- org.automation.TestNGPractice.Amazon -->
