<?xml version="1.0" encoding="UTF-8"?>
<!-- Generated by org.testng.reporters.JUnitXMLReporter -->
<testsuite ignored="0" hostname="Raj" failures="0" tests="3" name="Default test" time="11.396" errors="0" timestamp="2026-01-28T18:24:31 IST">
  <testcase classname="org.TestNG.VinothQa.RegistrationForm" name="textFields" time="1.685"/>
  <testcase classname="org.TestNG.VinothQa.RegistrationForm" name="radioAndChecks" time="0.632"/>
  <testcase classname="org.TestNG.VinothQa.RegistrationForm" name="dateAndDropDown" time="0.646"/>
</testsuite> <!-- Default test -->
